<?xml version="1.0" encoding="UTF-8"?>
<testsuite xmlns:xsi="http://www.w3.org/2001/XMLSchema-instance" xsi:noNamespaceSchemaLocation="https://maven.apache.org/surefire/maven-surefire-plugin/xsd/surefire-test-report-3.0.xsd" version="3.0" name="com.example.checkout.CheckoutProcessTest" time="12.096" tests="3" errors="0" skipped="0" failures="0">
  <properties>
[...]
</properties>
  <testcase name="testInventoryFailed" classname="com.example.checkout.CheckoutProcessTest" time="0.839">
    <system-out><![CDATA[2025-12-17 08:52:16,578 WARN  [io.qua.arc.dep.SplitPackageProcessor] (build-7) Detected a split package usage which is considered a bad practice and should be avoided. Following packages were detected in multiple archives: 
- "org.kie.kogito.decision" found in [org.kie.kogito:kogito-api::jar, org.kie.kogito:kogito-dmn::jar]
2025-12-17 08:52:16,712 INFO  [org.kie.kog.cod.api.uti.AddonsConfigDiscovery] (build-43) Performed addonsConfig discovery, found: AddonsConfig{usePersistence=false, useTracing=false, useMonitoring=false, usePrometheusMonitoring=false, useCloudEvents=false, useExplainability=false, useProcessSVG=false, useEventDrivenDecisions=false, useEventDrivenRules=false}
2025-12-17 08:52:17,000 INFO  [org.kie.kog.cod.cor.uti.ApplicationGeneratorDiscovery] (build-22) Generator discovery performed, found [processes, rules, decisions, predictions]
2025-12-17 08:52:17,002 INFO  [org.kie.kog.cod.cor.ApplicationGenerator] (build-22) Skipping generator 'decisions' because disabled
2025-12-17 08:52:17,002 INFO  [org.kie.kog.cod.cor.ApplicationGenerator] (build-22) Skipping generator 'predictions' because disabled
2025-12-17 08:52:17,834 INFO  [org.kie.kog.cod.rul.RuleCodegen] (build-22) No rule unit is present: generate KieRuntimeBuilder implementation.
2025-12-17 08:52:22,684 WARN  [io.qua.dep.ste.CombinedIndexBuildStep] (build-69) Failed to index org.drools.bpmn2.Marketplace_checkoutModelOutput: Class does not exist in ClassLoader QuarkusClassLoader:Deployment Class Loader: TEST@3ebff828
2025-12-17 08:52:24,736 INFO  [io.quarkus] (main) checkout-service 1.0.0-SNAPSHOT on JVM (powered by Quarkus 2.16.12.Final) started in 9.953s. Listening on: http://localhost:8081
2025-12-17 08:52:24,736 INFO  [io.quarkus] (main) Profile test activated. 
2025-12-17 08:52:24,737 INFO  [io.quarkus] (main) Installed features: [cdi, kogito-decisions, kogito-predictions, kogito-processes, kogito-rules, resteasy-reactive, resteasy-reactive-jackson, smallrye-context-propagation, vertx]
2025-12-17 08:52:25,564 INFO  [org.kie.kog.qua.pro.dev.DevModeWorkflowLogger] (main) Starting workflow 'marketplace_checkout' (b5e1d456-132f-4be7-bd0f-a82cd5c2d544)
2025-12-17 08:52:25,564 INFO  [org.kie.kog.qua.pro.dev.DevModeWorkflowLogger] (main) Variable 'cartId' value: 'CART-003'
2025-12-17 08:52:25,565 INFO  [org.kie.kog.qua.pro.dev.DevModeWorkflowLogger] (main) Variable 'userId' value: 'USER-003'
2025-12-17 08:52:25,567 INFO  [org.kie.kog.qua.pro.dev.DevModeWorkflowLogger] (main) Triggered node 'Start Checkout' for process 'marketplace_checkout' (b5e1d456-132f-4be7-bd0f-a82cd5c2d544)
2025-12-17 08:52:25,572 INFO  [org.kie.kog.qua.pro.dev.DevModeWorkflowLogger] (main) Triggered node 'Validate Cart' for process 'marketplace_checkout' (b5e1d456-132f-4be7-bd0f-a82cd5c2d544)
2025-12-17 08:52:25,581 INFO  [org.kie.kog.qua.pro.dev.DevModeWorkflowLogger] (main) Triggered node 'Reserve Inventory' for process 'marketplace_checkout' (b5e1d456-132f-4be7-bd0f-a82cd5c2d544)
2025-12-17 08:52:25,585 INFO  [org.kie.kog.qua.pro.dev.DevModeWorkflowLogger] (main) Variable 'inventoryAvailable' changed value from: 'null', to: 'false'
2025-12-17 08:52:25,587 INFO  [org.kie.kog.qua.pro.dev.DevModeWorkflowLogger] (main) Variable 'orderStatus' changed value from: 'null', to: 'INVENTORY_FAILED'
2025-12-17 08:52:25,588 INFO  [org.kie.kog.qua.pro.dev.DevModeWorkflowLogger] (main) Triggered node 'Inventory OK?' for process 'marketplace_checkout' (b5e1d456-132f-4be7-bd0f-a82cd5c2d544)
2025-12-17 08:52:25,590 INFO  [org.kie.kog.qua.pro.dev.DevModeWorkflowLogger] (main) Triggered node 'Inventory Failed' for process 'marketplace_checkout' (b5e1d456-132f-4be7-bd0f-a82cd5c2d544)
2025-12-17 08:52:25,591 INFO  [org.kie.kog.qua.pro.dev.DevModeWorkflowLogger] (main) Workflow 'marketplace_checkout' (b5e1d456-132f-4be7-bd0f-a82cd5c2d544) completed
]]></system-out>
  </testcase>
  <testcase name="testPaymentFailed" classname="com.example.checkout.CheckoutProcessTest" time="0.011">
    <system-out><![CDATA[2025-12-17 08:52:25,612 INFO  [org.kie.kog.qua.pro.dev.DevModeWorkflowLogger] (main) Starting workflow 'marketplace_checkout' (8cb32b0c-1049-4691-9880-7bc7609f7e31)
2025-12-17 08:52:25,612 INFO  [org.kie.kog.qua.pro.dev.DevModeWorkflowLogger] (main) Variable 'cartId' value: 'CART-002'
2025-12-17 08:52:25,612 INFO  [org.kie.kog.qua.pro.dev.DevModeWorkflowLogger] (main) Variable 'userId' value: 'USER-002'
2025-12-17 08:52:25,612 INFO  [org.kie.kog.qua.pro.dev.DevModeWorkflowLogger] (main) Triggered node 'Start Checkout' for process 'marketplace_checkout' (8cb32b0c-1049-4691-9880-7bc7609f7e31)
2025-12-17 08:52:25,612 INFO  [org.kie.kog.qua.pro.dev.DevModeWorkflowLogger] (main) Triggered node 'Validate Cart' for process 'marketplace_checkout' (8cb32b0c-1049-4691-9880-7bc7609f7e31)
2025-12-17 08:52:25,613 INFO  [org.kie.kog.qua.pro.dev.DevModeWorkflowLogger] (main) Triggered node 'Reserve Inventory' for process 'marketplace_checkout' (8cb32b0c-1049-4691-9880-7bc7609f7e31)
2025-12-17 08:52:25,614 INFO  [org.kie.kog.qua.pro.dev.DevModeWorkflowLogger] (main) Variable 'inventoryAvailable' changed value from: 'null', to: 'true'
2025-12-17 08:52:25,614 INFO  [org.kie.kog.qua.pro.dev.DevModeWorkflowLogger] (main) Triggered node 'Inventory OK?' for process 'marketplace_checkout' (8cb32b0c-1049-4691-9880-7bc7609f7e31)
2025-12-17 08:52:25,614 INFO  [org.kie.kog.qua.pro.dev.DevModeWorkflowLogger] (main) Triggered node 'Calculate Total' for process 'marketplace_checkout' (8cb32b0c-1049-4691-9880-7bc7609f7e31)
2025-12-17 08:52:25,616 INFO  [org.kie.kog.qua.pro.dev.DevModeWorkflowLogger] (main) Triggered node 'Process Payment' for process 'marketplace_checkout' (8cb32b0c-1049-4691-9880-7bc7609f7e31)
2025-12-17 08:52:25,617 INFO  [org.kie.kog.qua.pro.dev.DevModeWorkflowLogger] (main) Variable 'paymentApproved' changed value from: 'null', to: 'false'
2025-12-17 08:52:25,617 INFO  [org.kie.kog.qua.pro.dev.DevModeWorkflowLogger] (main) Variable 'orderStatus' changed value from: 'null', to: 'PAYMENT_FAILED'
2025-12-17 08:52:25,618 INFO  [org.kie.kog.qua.pro.dev.DevModeWorkflowLogger] (main) Triggered node 'Payment OK?' for process 'marketplace_checkout' (8cb32b0c-1049-4691-9880-7bc7609f7e31)
2025-12-17 08:52:25,618 INFO  [org.kie.kog.qua.pro.dev.DevModeWorkflowLogger] (main) Triggered node 'Payment Failed' for process 'marketplace_checkout' (8cb32b0c-1049-4691-9880-7bc7609f7e31)
2025-12-17 08:52:25,619 INFO  [org.kie.kog.qua.pro.dev.DevModeWorkflowLogger] (main) Workflow 'marketplace_checkout' (8cb32b0c-1049-4691-9880-7bc7609f7e31) completed
]]></system-out>
  </testcase>
  <testcase name="testSuccessfulCheckout" classname="com.example.checkout.CheckoutProcessTest" time="0.015">
    <system-out><![CDATA[2025-12-17 08:52:25,627 INFO  [org.kie.kog.qua.pro.dev.DevModeWorkflowLogger] (main) Starting workflow 'marketplace_checkout' (f354afea-bd30-41a0-b31e-0ed28ddbdbf6)
2025-12-17 08:52:25,628 INFO  [org.kie.kog.qua.pro.dev.DevModeWorkflowLogger] (main) Variable 'cartId' value: 'CART-001'
2025-12-17 08:52:25,628 INFO  [org.kie.kog.qua.pro.dev.DevModeWorkflowLogger] (main) Variable 'userId' value: 'USER-001'
2025-12-17 08:52:25,628 INFO  [org.kie.kog.qua.pro.dev.DevModeWorkflowLogger] (main) Triggered node 'Start Checkout' for process 'marketplace_checkout' (f354afea-bd30-41a0-b31e-0ed28ddbdbf6)
2025-12-17 08:52:25,629 INFO  [org.kie.kog.qua.pro.dev.DevModeWorkflowLogger] (main) Triggered node 'Validate Cart' for process 'marketplace_checkout' (f354afea-bd30-41a0-b31e-0ed28ddbdbf6)
2025-12-17 08:52:25,630 INFO  [org.kie.kog.qua.pro.dev.DevModeWorkflowLogger] (main) Triggered node 'Reserve Inventory' for process 'marketplace_checkout' (f354afea-bd30-41a0-b31e-0ed28ddbdbf6)
2025-12-17 08:52:25,631 INFO  [org.kie.kog.qua.pro.dev.DevModeWorkflowLogger] (main) Variable 'inventoryAvailable' changed value from: 'null', to: 'true'
2025-12-17 08:52:25,633 INFO  [org.kie.kog.qua.pro.dev.DevModeWorkflowLogger] (main) Triggered node 'Inventory OK?' for process 'marketplace_checkout' (f354afea-bd30-41a0-b31e-0ed28ddbdbf6)
2025-12-17 08:52:25,633 INFO  [org.kie.kog.qua.pro.dev.DevModeWorkflowLogger] (main) Triggered node 'Calculate Total' for process 'marketplace_checkout' (f354afea-bd30-41a0-b31e-0ed28ddbdbf6)
2025-12-17 08:52:25,634 INFO  [org.kie.kog.qua.pro.dev.DevModeWorkflowLogger] (main) Triggered node 'Process Payment' for process 'marketplace_checkout' (f354afea-bd30-41a0-b31e-0ed28ddbdbf6)
2025-12-17 08:52:25,635 INFO  [org.kie.kog.qua.pro.dev.DevModeWorkflowLogger] (main) Variable 'paymentApproved' changed value from: 'null', to: 'true'
2025-12-17 08:52:25,636 INFO  [org.kie.kog.qua.pro.dev.DevModeWorkflowLogger] (main) Triggered node 'Payment OK?' for process 'marketplace_checkout' (f354afea-bd30-41a0-b31e-0ed28ddbdbf6)
2025-12-17 08:52:25,636 INFO  [org.kie.kog.qua.pro.dev.DevModeWorkflowLogger] (main) Triggered node 'Create Order' for process 'marketplace_checkout' (f354afea-bd30-41a0-b31e-0ed28ddbdbf6)
2025-12-17 08:52:25,637 INFO  [org.kie.kog.qua.pro.dev.DevModeWorkflowLogger] (main) Variable 'orderStatus' changed value from: 'null', to: 'SUCCESS'
2025-12-17 08:52:25,637 INFO  [org.kie.kog.qua.pro.dev.DevModeWorkflowLogger] (main) Triggered node 'Send Notification' for process 'marketplace_checkout' (f354afea-bd30-41a0-b31e-0ed28ddbdbf6)
2025-12-17 08:52:25,638 INFO  [org.kie.kog.qua.pro.dev.DevModeWorkflowLogger] (main) Triggered node 'Success' for process 'marketplace_checkout' (f354afea-bd30-41a0-b31e-0ed28ddbdbf6)
2025-12-17 08:52:25,639 INFO  [org.kie.kog.qua.pro.dev.DevModeWorkflowLogger] (main) Workflow 'marketplace_checkout' (f354afea-bd30-41a0-b31e-0ed28ddbdbf6) completed
]]></system-out>
  </testcase>
</testsuite>